  [1m[35m (92.3ms)[0m  [1m[35mCREATE DATABASE "reddit_p_development" ENCODING = 'unicode'[0m
  [1m[35m (40.5ms)[0m  [1m[35mCREATE DATABASE "reddit_p_test" ENCODING = 'unicode'[0m
  [1m[35m (7.8ms)[0m  [1m[35mCREATE TABLE "schema_migrations" ("version" character varying NOT NULL PRIMARY KEY)[0m
  [1m[35m (2.5ms)[0m  [1m[35mCREATE TABLE "ar_internal_metadata" ("key" character varying NOT NULL PRIMARY KEY, "value" character varying, "created_at" timestamp(6) NOT NULL, "updated_at" timestamp(6) NOT NULL)[0m
  [1m[35m (0.1ms)[0m  [1m[34mSELECT pg_try_advisory_lock(8461940136316139970)[0m
  [1m[36mActiveRecord::SchemaMigration Pluck (0.3ms)[0m  [1m[34mSELECT "schema_migrations"."version" FROM "schema_migrations" ORDER BY "schema_migrations"."version" ASC[0m
Migrating to CreateUsers (20230224155121)
  [1m[36mTRANSACTION (0.1ms)[0m  [1m[35mBEGIN[0m
  [1m[35m (3.3ms)[0m  [1m[35mCREATE TABLE "users" ("id" bigserial primary key, "username" character varying NOT NULL, "session_token" character varying NOT NULL, "password_digest" character varying NOT NULL, "created_at" timestamp(6) NOT NULL, "updated_at" timestamp(6) NOT NULL)[0m
  [1m[35m (0.7ms)[0m  [1m[35mCREATE INDEX "index_users_on_username" ON "users" ("username")[0m
  [1m[35m (0.6ms)[0m  [1m[35mCREATE INDEX "index_users_on_session_token" ON "users" ("session_token")[0m
  [1m[36mActiveRecord::SchemaMigration Create (0.3ms)[0m  [1m[32mINSERT INTO "schema_migrations" ("version") VALUES ($1) RETURNING "version"[0m  [["version", "20230224155121"]]
  [1m[36mTRANSACTION (0.4ms)[0m  [1m[35mCOMMIT[0m
  [1m[36mActiveRecord::InternalMetadata Load (0.3ms)[0m  [1m[34mSELECT "ar_internal_metadata".* FROM "ar_internal_metadata" WHERE "ar_internal_metadata"."key" = $1 LIMIT $2[0m  [["key", "environment"], ["LIMIT", 1]]
  [1m[36mTRANSACTION (0.1ms)[0m  [1m[35mBEGIN[0m
  [1m[36mActiveRecord::InternalMetadata Create (0.5ms)[0m  [1m[32mINSERT INTO "ar_internal_metadata" ("key", "value", "created_at", "updated_at") VALUES ($1, $2, $3, $4) RETURNING "key"[0m  [["key", "environment"], ["value", "development"], ["created_at", "2023-02-24 15:53:40.949382"], ["updated_at", "2023-02-24 15:53:40.949382"]]
  [1m[36mTRANSACTION (0.2ms)[0m  [1m[35mCOMMIT[0m
  [1m[35m (0.5ms)[0m  [1m[34mSELECT pg_advisory_unlock(8461940136316139970)[0m
  [1m[36mActiveRecord::SchemaMigration Pluck (0.2ms)[0m  [1m[34mSELECT "schema_migrations"."version" FROM "schema_migrations" ORDER BY "schema_migrations"."version" ASC[0m
  [1m[35m (147.0ms)[0m  [1m[35mCREATE DATABASE "reddit_p_development" ENCODING = 'unicode'[0m
  [1m[35m (148.5ms)[0m  [1m[35mCREATE DATABASE "reddit_p_test" ENCODING = 'unicode'[0m
Started GET "/" for ::1 at 2023-02-24 12:14:10 -0500
  [1m[36mActiveRecord::SchemaMigration Pluck (0.9ms)[0m  [1m[34mSELECT "schema_migrations"."version" FROM "schema_migrations" ORDER BY "schema_migrations"."version" ASC[0m
Processing by Rails::WelcomeController#index as HTML
  Rendering /Users/kaiwu/.rbenv/versions/3.1.1/lib/ruby/gems/3.1.0/gems/railties-7.0.4.2/lib/rails/templates/rails/welcome/index.html.erb
  Rendered /Users/kaiwu/.rbenv/versions/3.1.1/lib/ruby/gems/3.1.0/gems/railties-7.0.4.2/lib/rails/templates/rails/welcome/index.html.erb (Duration: 0.9ms | Allocations: 526)
Completed 200 OK in 5ms (Views: 2.8ms | ActiveRecord: 0.0ms | Allocations: 2809)


Started GET "/session/new" for ::1 at 2023-02-24 12:14:16 -0500
Processing by SessionsController#new as HTML
  Rendering layout layouts/application.html.erb
  Rendering sessions/new.html.erb within layouts/application
  Rendered sessions/new.html.erb within layouts/application (Duration: 3.7ms | Allocations: 640)
  Rendered layout layouts/application.html.erb (Duration: 19.1ms | Allocations: 6831)
Completed 200 OK in 28ms (Views: 26.8ms | ActiveRecord: 0.0ms | Allocations: 7711)


Started POST "/session" for ::1 at 2023-02-24 12:14:28 -0500
Processing by SessionsController#create as HTML
  Parameters: {"authenticity_token"=>"[FILTERED]", "user"=>{"username"=>"kaiter", "password"=>"[FILTERED]"}}
  [1m[36mUser Load (2.0ms)[0m  [1m[34mSELECT "users".* FROM "users" WHERE "users"."username" = $1 LIMIT $2[0m  [["username", "kaiter"], ["LIMIT", 1]]
  ↳ app/models/user.rb:9:in `find_by_credentials'
  Rendering layout layouts/application.html.erb
  Rendering sessions/new.html.erb within layouts/application
  Rendered sessions/new.html.erb within layouts/application (Duration: 0.4ms | Allocations: 78)
  Rendered layout layouts/application.html.erb (Duration: 2.3ms | Allocations: 1139)
Completed 200 OK in 17ms (Views: 3.0ms | ActiveRecord: 5.2ms | Allocations: 4996)


  [1m[36mUser Load (0.7ms)[0m  [1m[34mSELECT "users".* FROM "users"[0m
  [1m[35m (0.7ms)[0m  [1m[35mCREATE DATABASE "reddit_p_development" ENCODING = 'unicode'[0m
  [1m[35m (0.6ms)[0m  [1m[35mCREATE DATABASE "reddit_p_test" ENCODING = 'unicode'[0m
  [1m[35m (49.2ms)[0m  [1m[35mDROP DATABASE IF EXISTS "reddit_p_test"[0m
  [1m[35m (137.4ms)[0m  [1m[35mCREATE DATABASE "reddit_p_test" ENCODING = 'unicode'[0m
  [1m[35mSQL (0.4ms)[0m  [1m[35mCREATE EXTENSION IF NOT EXISTS "plpgsql"[0m
  [1m[35m (0.3ms)[0m  [1m[35mDROP TABLE IF EXISTS "users" CASCADE[0m
  [1m[35m (6.2ms)[0m  [1m[35mCREATE TABLE "users" ("id" bigserial primary key, "username" character varying NOT NULL, "session_token" character varying NOT NULL, "password_digest" character varying NOT NULL, "created_at" timestamp(6) NOT NULL, "updated_at" timestamp(6) NOT NULL)[0m
  [1m[35m (1.5ms)[0m  [1m[35mCREATE INDEX "index_users_on_session_token" ON "users" ("session_token")[0m
  [1m[35m (1.7ms)[0m  [1m[35mCREATE INDEX "index_users_on_username" ON "users" ("username")[0m
  [1m[35m (3.0ms)[0m  [1m[35mCREATE TABLE "schema_migrations" ("version" character varying NOT NULL PRIMARY KEY)[0m
  [1m[36mActiveRecord::SchemaMigration Pluck (0.6ms)[0m  [1m[34mSELECT "schema_migrations"."version" FROM "schema_migrations" ORDER BY "schema_migrations"."version" ASC[0m
  [1m[35m (0.8ms)[0m  [1m[32mINSERT INTO "schema_migrations" (version) VALUES (20230224155121)[0m
  [1m[35m (3.1ms)[0m  [1m[35mCREATE TABLE "ar_internal_metadata" ("key" character varying NOT NULL PRIMARY KEY, "value" character varying, "created_at" timestamp(6) NOT NULL, "updated_at" timestamp(6) NOT NULL)[0m
  [1m[36mActiveRecord::InternalMetadata Load (0.4ms)[0m  [1m[34mSELECT "ar_internal_metadata".* FROM "ar_internal_metadata" WHERE "ar_internal_metadata"."key" = $1 LIMIT $2[0m  [["key", "environment"], ["LIMIT", 1]]
  [1m[36mTRANSACTION (0.2ms)[0m  [1m[35mBEGIN[0m
  [1m[36mActiveRecord::InternalMetadata Create (0.6ms)[0m  [1m[32mINSERT INTO "ar_internal_metadata" ("key", "value", "created_at", "updated_at") VALUES ($1, $2, $3, $4) RETURNING "key"[0m  [["key", "environment"], ["value", "development"], ["created_at", "2023-02-24 18:44:30.136988"], ["updated_at", "2023-02-24 18:44:30.136988"]]
  [1m[36mTRANSACTION (0.9ms)[0m  [1m[35mCOMMIT[0m
  [1m[36mActiveRecord::InternalMetadata Load (0.3ms)[0m  [1m[34mSELECT "ar_internal_metadata".* FROM "ar_internal_metadata" WHERE "ar_internal_metadata"."key" = $1 LIMIT $2[0m  [["key", "environment"], ["LIMIT", 1]]
  [1m[36mTRANSACTION (0.2ms)[0m  [1m[35mBEGIN[0m
  [1m[36mActiveRecord::InternalMetadata Update (0.5ms)[0m  [1m[33mUPDATE "ar_internal_metadata" SET "value" = $1, "updated_at" = $2 WHERE "ar_internal_metadata"."key" = $3[0m  [["value", "test"], ["updated_at", "2023-02-24 18:44:30.145783"], ["key", "environment"]]
  [1m[36mTRANSACTION (0.5ms)[0m  [1m[35mCOMMIT[0m
  [1m[36mActiveRecord::InternalMetadata Load (0.3ms)[0m  [1m[34mSELECT "ar_internal_metadata".* FROM "ar_internal_metadata" WHERE "ar_internal_metadata"."key" = $1 LIMIT $2[0m  [["key", "schema_sha1"], ["LIMIT", 1]]
  [1m[36mTRANSACTION (0.1ms)[0m  [1m[35mBEGIN[0m
  [1m[36mActiveRecord::InternalMetadata Create (0.3ms)[0m  [1m[32mINSERT INTO "ar_internal_metadata" ("key", "value", "created_at", "updated_at") VALUES ($1, $2, $3, $4) RETURNING "key"[0m  [["key", "schema_sha1"], ["value", "c1ab112b4527885acade6096b6a345a55ece1480"], ["created_at", "2023-02-24 18:44:30.153153"], ["updated_at", "2023-02-24 18:44:30.153153"]]
  [1m[36mTRANSACTION (0.4ms)[0m  [1m[35mCOMMIT[0m
  [1m[35m (121.8ms)[0m  [1m[35mDROP DATABASE IF EXISTS "reddit_p_development"[0m
  [1m[35m (70.7ms)[0m  [1m[35mDROP DATABASE IF EXISTS "reddit_p_test"[0m
  [1m[35m (148.8ms)[0m  [1m[35mCREATE DATABASE "reddit_p_development" ENCODING = 'unicode'[0m
  [1m[35m (169.7ms)[0m  [1m[35mCREATE DATABASE "reddit_p_test" ENCODING = 'unicode'[0m
  [1m[35m (1.0ms)[0m  [1m[35mCREATE DATABASE "reddit_p_development" ENCODING = 'unicode'[0m
  [1m[35m (0.9ms)[0m  [1m[35mCREATE DATABASE "reddit_p_test" ENCODING = 'unicode'[0m
  [1m[35mSQL (0.3ms)[0m  [1m[35mCREATE EXTENSION IF NOT EXISTS "plpgsql"[0m
  [1m[35m (0.2ms)[0m  [1m[35mDROP TABLE IF EXISTS "users" CASCADE[0m
  [1m[35m (6.3ms)[0m  [1m[35mCREATE TABLE "users" ("id" bigserial primary key, "username" character varying NOT NULL, "session_token" character varying NOT NULL, "password_digest" character varying NOT NULL, "created_at" timestamp(6) NOT NULL, "updated_at" timestamp(6) NOT NULL)[0m
  [1m[35m (1.5ms)[0m  [1m[35mCREATE INDEX "index_users_on_session_token" ON "users" ("session_token")[0m
  [1m[35m (1.3ms)[0m  [1m[35mCREATE INDEX "index_users_on_username" ON "users" ("username")[0m
  [1m[35m (3.2ms)[0m  [1m[35mCREATE TABLE "schema_migrations" ("version" character varying NOT NULL PRIMARY KEY)[0m
  [1m[36mActiveRecord::SchemaMigration Pluck (0.6ms)[0m  [1m[34mSELECT "schema_migrations"."version" FROM "schema_migrations" ORDER BY "schema_migrations"."version" ASC[0m
  [1m[35m (0.8ms)[0m  [1m[32mINSERT INTO "schema_migrations" (version) VALUES (20230224155121)[0m
  [1m[35m (2.9ms)[0m  [1m[35mCREATE TABLE "ar_internal_metadata" ("key" character varying NOT NULL PRIMARY KEY, "value" character varying, "created_at" timestamp(6) NOT NULL, "updated_at" timestamp(6) NOT NULL)[0m
  [1m[36mActiveRecord::InternalMetadata Load (0.5ms)[0m  [1m[34mSELECT "ar_internal_metadata".* FROM "ar_internal_metadata" WHERE "ar_internal_metadata"."key" = $1 LIMIT $2[0m  [["key", "environment"], ["LIMIT", 1]]
  [1m[36mTRANSACTION (0.2ms)[0m  [1m[35mBEGIN[0m
  [1m[36mActiveRecord::InternalMetadata Create (0.6ms)[0m  [1m[32mINSERT INTO "ar_internal_metadata" ("key", "value", "created_at", "updated_at") VALUES ($1, $2, $3, $4) RETURNING "key"[0m  [["key", "environment"], ["value", "development"], ["created_at", "2023-02-24 18:46:38.678495"], ["updated_at", "2023-02-24 18:46:38.678495"]]
  [1m[36mTRANSACTION (0.5ms)[0m  [1m[35mCOMMIT[0m
  [1m[36mActiveRecord::InternalMetadata Load (0.3ms)[0m  [1m[34mSELECT "ar_internal_metadata".* FROM "ar_internal_metadata" WHERE "ar_internal_metadata"."key" = $1 LIMIT $2[0m  [["key", "environment"], ["LIMIT", 1]]
  [1m[36mActiveRecord::InternalMetadata Load (0.3ms)[0m  [1m[34mSELECT "ar_internal_metadata".* FROM "ar_internal_metadata" WHERE "ar_internal_metadata"."key" = $1 LIMIT $2[0m  [["key", "schema_sha1"], ["LIMIT", 1]]
  [1m[36mTRANSACTION (0.1ms)[0m  [1m[35mBEGIN[0m
  [1m[36mActiveRecord::InternalMetadata Create (0.4ms)[0m  [1m[32mINSERT INTO "ar_internal_metadata" ("key", "value", "created_at", "updated_at") VALUES ($1, $2, $3, $4) RETURNING "key"[0m  [["key", "schema_sha1"], ["value", "c1ab112b4527885acade6096b6a345a55ece1480"], ["created_at", "2023-02-24 18:46:38.690635"], ["updated_at", "2023-02-24 18:46:38.690635"]]
  [1m[36mTRANSACTION (0.5ms)[0m  [1m[35mCOMMIT[0m
  [1m[35mSQL (0.4ms)[0m  [1m[35mCREATE EXTENSION IF NOT EXISTS "plpgsql"[0m
  [1m[35m (0.3ms)[0m  [1m[35mDROP TABLE IF EXISTS "users" CASCADE[0m
  [1m[35m (9.7ms)[0m  [1m[35mCREATE TABLE "users" ("id" bigserial primary key, "username" character varying NOT NULL, "session_token" character varying NOT NULL, "password_digest" character varying NOT NULL, "created_at" timestamp(6) NOT NULL, "updated_at" timestamp(6) NOT NULL)[0m
  [1m[35m (2.1ms)[0m  [1m[35mCREATE INDEX "index_users_on_session_token" ON "users" ("session_token")[0m
  [1m[35m (2.5ms)[0m  [1m[35mCREATE INDEX "index_users_on_username" ON "users" ("username")[0m
  [1m[35m (3.9ms)[0m  [1m[35mCREATE TABLE "schema_migrations" ("version" character varying NOT NULL PRIMARY KEY)[0m
  [1m[36mActiveRecord::SchemaMigration Pluck (1.1ms)[0m  [1m[34mSELECT "schema_migrations"."version" FROM "schema_migrations" ORDER BY "schema_migrations"."version" ASC[0m
  [1m[35m (1.2ms)[0m  [1m[32mINSERT INTO "schema_migrations" (version) VALUES (20230224155121)[0m
  [1m[35m (5.1ms)[0m  [1m[35mCREATE TABLE "ar_internal_metadata" ("key" character varying NOT NULL PRIMARY KEY, "value" character varying, "created_at" timestamp(6) NOT NULL, "updated_at" timestamp(6) NOT NULL)[0m
  [1m[36mActiveRecord::InternalMetadata Load (0.6ms)[0m  [1m[34mSELECT "ar_internal_metadata".* FROM "ar_internal_metadata" WHERE "ar_internal_metadata"."key" = $1 LIMIT $2[0m  [["key", "environment"], ["LIMIT", 1]]
  [1m[36mTRANSACTION (0.2ms)[0m  [1m[35mBEGIN[0m
  [1m[36mActiveRecord::InternalMetadata Create (0.7ms)[0m  [1m[32mINSERT INTO "ar_internal_metadata" ("key", "value", "created_at", "updated_at") VALUES ($1, $2, $3, $4) RETURNING "key"[0m  [["key", "environment"], ["value", "development"], ["created_at", "2023-02-24 18:46:38.906244"], ["updated_at", "2023-02-24 18:46:38.906244"]]
  [1m[36mTRANSACTION (0.9ms)[0m  [1m[35mCOMMIT[0m
  [1m[36mActiveRecord::InternalMetadata Load (0.5ms)[0m  [1m[34mSELECT "ar_internal_metadata".* FROM "ar_internal_metadata" WHERE "ar_internal_metadata"."key" = $1 LIMIT $2[0m  [["key", "environment"], ["LIMIT", 1]]
  [1m[36mTRANSACTION (0.4ms)[0m  [1m[35mBEGIN[0m
  [1m[36mActiveRecord::InternalMetadata Update (1.0ms)[0m  [1m[33mUPDATE "ar_internal_metadata" SET "value" = $1, "updated_at" = $2 WHERE "ar_internal_metadata"."key" = $3[0m  [["value", "test"], ["updated_at", "2023-02-24 18:46:38.921915"], ["key", "environment"]]
  [1m[36mTRANSACTION (0.6ms)[0m  [1m[35mCOMMIT[0m
  [1m[36mActiveRecord::InternalMetadata Load (0.6ms)[0m  [1m[34mSELECT "ar_internal_metadata".* FROM "ar_internal_metadata" WHERE "ar_internal_metadata"."key" = $1 LIMIT $2[0m  [["key", "schema_sha1"], ["LIMIT", 1]]
  [1m[36mTRANSACTION (0.3ms)[0m  [1m[35mBEGIN[0m
  [1m[36mActiveRecord::InternalMetadata Create (0.6ms)[0m  [1m[32mINSERT INTO "ar_internal_metadata" ("key", "value", "created_at", "updated_at") VALUES ($1, $2, $3, $4) RETURNING "key"[0m  [["key", "schema_sha1"], ["value", "c1ab112b4527885acade6096b6a345a55ece1480"], ["created_at", "2023-02-24 18:46:38.936640"], ["updated_at", "2023-02-24 18:46:38.936640"]]
  [1m[36mTRANSACTION (0.7ms)[0m  [1m[35mCOMMIT[0m
  [1m[36mActiveRecord::SchemaMigration Pluck (1.3ms)[0m  [1m[34mSELECT "schema_migrations"."version" FROM "schema_migrations" ORDER BY "schema_migrations"."version" ASC[0m
  [1m[36mTRANSACTION (0.3ms)[0m  [1m[35mBEGIN[0m
  [1m[36mUser Exists? (3.6ms)[0m  [1m[34mSELECT 1 AS one FROM "users" WHERE "users"."username" = $1 LIMIT $2[0m  [["username", "yong"], ["LIMIT", 1]]
  [1m[36mUser Exists? (0.4ms)[0m  [1m[34mSELECT 1 AS one FROM "users" WHERE "users"."session_token" = $1 LIMIT $2[0m  [["session_token", "[FILTERED]"], ["LIMIT", 1]]
  [1m[36mUser Create (3.2ms)[0m  [1m[32mINSERT INTO "users" ("username", "session_token", "password_digest", "created_at", "updated_at") VALUES ($1, $2, $3, $4, $5) RETURNING "id"[0m  [["username", "yong"], ["session_token", "[FILTERED]"], ["password_digest", "[FILTERED]"], ["created_at", "2023-02-24 18:47:23.744100"], ["updated_at", "2023-02-24 18:47:23.744100"]]
  [1m[36mTRANSACTION (2.5ms)[0m  [1m[35mCOMMIT[0m
Started GET "/users" for ::1 at 2023-02-24 13:47:50 -0500
  [1m[36mActiveRecord::SchemaMigration Pluck (1.4ms)[0m  [1m[34mSELECT "schema_migrations"."version" FROM "schema_migrations" ORDER BY "schema_migrations"."version" ASC[0m
Processing by UsersController#index as HTML
  Rendering layout layouts/application.html.erb
  Rendering users/index.html.erb within layouts/application
  [1m[36mUser Load (0.9ms)[0m  [1m[34mSELECT "users".* FROM "users"[0m
  ↳ app/views/users/index.html.erb:4
  Rendered users/index.html.erb within layouts/application (Duration: 24.0ms | Allocations: 5664)
  Rendered layout layouts/application.html.erb (Duration: 68.1ms | Allocations: 12870)
Completed 200 OK in 87ms (Views: 74.8ms | ActiveRecord: 7.0ms | Allocations: 16234)


Started GET "/users/1" for ::1 at 2023-02-24 13:49:19 -0500
Processing by UsersController#show as HTML
  Parameters: {"id"=>"1"}
  [1m[36mUser Load (0.3ms)[0m  [1m[34mSELECT "users".* FROM "users" WHERE "users"."id" = $1 LIMIT $2[0m  [["id", 1], ["LIMIT", 1]]
  ↳ app/controllers/users_controller.rb:10:in `show'
  Rendering layout layouts/application.html.erb
  Rendering users/show.html.erb within layouts/application
  Rendered users/show.html.erb within layouts/application (Duration: 1.5ms | Allocations: 124)
  Rendered layout layouts/application.html.erb (Duration: 9.0ms | Allocations: 1942)
Completed 200 OK in 20ms (Views: 11.7ms | ActiveRecord: 0.5ms | Allocations: 4219)


Started GET "/users/new" for ::1 at 2023-02-24 13:53:36 -0500
Processing by UsersController#new as HTML
  Rendering layout layouts/application.html.erb
  Rendering users/new.html.erb within layouts/application
  Rendered users/new.html.erb within layouts/application (Duration: 0.8ms | Allocations: 147)
  Rendered layout layouts/application.html.erb (Duration: 9.2ms | Allocations: 1984)
Completed 200 OK in 22ms (Views: 15.5ms | ActiveRecord: 0.0ms | Allocations: 2755)


Started POST "/users/users_url" for ::1 at 2023-02-24 13:53:47 -0500
  
ActionController::RoutingError (No route matches [POST] "/users/users_url"):
  
Started POST "/users/users_url" for ::1 at 2023-02-24 13:54:26 -0500
  
ActionController::RoutingError (No route matches [POST] "/users/users_url"):
  
Started GET "/users/new" for ::1 at 2023-02-24 13:56:22 -0500
  [1m[36mActiveRecord::SchemaMigration Pluck (0.8ms)[0m  [1m[34mSELECT "schema_migrations"."version" FROM "schema_migrations" ORDER BY "schema_migrations"."version" ASC[0m
Processing by UsersController#new as HTML
  Rendering layout layouts/application.html.erb
  Rendering users/new.html.erb within layouts/application
  Rendered users/new.html.erb within layouts/application (Duration: 2.5ms | Allocations: 513)
  Rendered layout layouts/application.html.erb (Duration: 20.3ms | Allocations: 4340)
Completed 200 OK in 56ms (Views: 33.0ms | ActiveRecord: 6.1ms | Allocations: 12154)


Started POST "/users" for ::1 at 2023-02-24 13:56:29 -0500
Processing by UsersController#create as HTML
  Parameters: {"user"=>{"username"=>"kaiter", "password"=>"[FILTERED]"}}
Can't verify CSRF token authenticity.
Completed 422 Unprocessable Entity in 1ms (ActiveRecord: 0.0ms | Allocations: 245)


  
ActionController::InvalidAuthenticityToken (Can't verify CSRF token authenticity.):
  
actionpack (7.0.4.2) lib/action_controller/metal/request_forgery_protection.rb:251:in `handle_unverified_request'
actionpack (7.0.4.2) lib/action_controller/metal/request_forgery_protection.rb:284:in `handle_unverified_request'
actionpack (7.0.4.2) lib/action_controller/metal/request_forgery_protection.rb:273:in `verify_authenticity_token'
activesupport (7.0.4.2) lib/active_support/callbacks.rb:400:in `block in make_lambda'
activesupport (7.0.4.2) lib/active_support/callbacks.rb:199:in `block (2 levels) in halting'
actionpack (7.0.4.2) lib/abstract_controller/callbacks.rb:34:in `block (2 levels) in <module:Callbacks>'
activesupport (7.0.4.2) lib/active_support/callbacks.rb:200:in `block in halting'
activesupport (7.0.4.2) lib/active_support/callbacks.rb:595:in `block in invoke_before'
activesupport (7.0.4.2) lib/active_support/callbacks.rb:595:in `each'
activesupport (7.0.4.2) lib/active_support/callbacks.rb:595:in `invoke_before'
activesupport (7.0.4.2) lib/active_support/callbacks.rb:106:in `run_callbacks'
actionpack (7.0.4.2) lib/abstract_controller/callbacks.rb:233:in `process_action'
actionpack (7.0.4.2) lib/action_controller/metal/rescue.rb:22:in `process_action'
actionpack (7.0.4.2) lib/action_controller/metal/instrumentation.rb:67:in `block in process_action'
activesupport (7.0.4.2) lib/active_support/notifications.rb:206:in `block in instrument'
activesupport (7.0.4.2) lib/active_support/notifications/instrumenter.rb:24:in `instrument'
activesupport (7.0.4.2) lib/active_support/notifications.rb:206:in `instrument'
actionpack (7.0.4.2) lib/action_controller/metal/instrumentation.rb:66:in `process_action'
actionpack (7.0.4.2) lib/action_controller/metal/params_wrapper.rb:259:in `process_action'
activerecord (7.0.4.2) lib/active_record/railties/controller_runtime.rb:27:in `process_action'
actionpack (7.0.4.2) lib/abstract_controller/base.rb:151:in `process'
actionview (7.0.4.2) lib/action_view/rendering.rb:39:in `process'
actionpack (7.0.4.2) lib/action_controller/metal.rb:188:in `dispatch'
actionpack (7.0.4.2) lib/action_controller/metal.rb:251:in `dispatch'
actionpack (7.0.4.2) lib/action_dispatch/routing/route_set.rb:49:in `dispatch'
actionpack (7.0.4.2) lib/action_dispatch/routing/route_set.rb:32:in `serve'
actionpack (7.0.4.2) lib/action_dispatch/journey/router.rb:50:in `block in serve'
actionpack (7.0.4.2) lib/action_dispatch/journey/router.rb:32:in `each'
actionpack (7.0.4.2) lib/action_dispatch/journey/router.rb:32:in `serve'
actionpack (7.0.4.2) lib/action_dispatch/routing/route_set.rb:852:in `call'
rack (2.2.6.2) lib/rack/tempfile_reaper.rb:15:in `call'
rack (2.2.6.2) lib/rack/etag.rb:27:in `call'
rack (2.2.6.2) lib/rack/conditional_get.rb:40:in `call'
rack (2.2.6.2) lib/rack/head.rb:12:in `call'
actionpack (7.0.4.2) lib/action_dispatch/http/permissions_policy.rb:38:in `call'
actionpack (7.0.4.2) lib/action_dispatch/http/content_security_policy.rb:36:in `call'
rack (2.2.6.2) lib/rack/session/abstract/id.rb:266:in `context'
rack (2.2.6.2) lib/rack/session/abstract/id.rb:260:in `call'
actionpack (7.0.4.2) lib/action_dispatch/middleware/cookies.rb:704:in `call'
activerecord (7.0.4.2) lib/active_record/migration.rb:603:in `call'
actionpack (7.0.4.2) lib/action_dispatch/middleware/callbacks.rb:27:in `block in call'
activesupport (7.0.4.2) lib/active_support/callbacks.rb:99:in `run_callbacks'
actionpack (7.0.4.2) lib/action_dispatch/middleware/callbacks.rb:26:in `call'
actionpack (7.0.4.2) lib/action_dispatch/middleware/executor.rb:14:in `call'
actionpack (7.0.4.2) lib/action_dispatch/middleware/actionable_exceptions.rb:17:in `call'
actionpack (7.0.4.2) lib/action_dispatch/middleware/debug_exceptions.rb:28:in `call'
actionpack (7.0.4.2) lib/action_dispatch/middleware/show_exceptions.rb:26:in `call'
railties (7.0.4.2) lib/rails/rack/logger.rb:40:in `call_app'
railties (7.0.4.2) lib/rails/rack/logger.rb:25:in `block in call'
activesupport (7.0.4.2) lib/active_support/tagged_logging.rb:99:in `block in tagged'
activesupport (7.0.4.2) lib/active_support/tagged_logging.rb:37:in `tagged'
activesupport (7.0.4.2) lib/active_support/tagged_logging.rb:99:in `tagged'
railties (7.0.4.2) lib/rails/rack/logger.rb:25:in `call'
sprockets-rails (3.4.2) lib/sprockets/rails/quiet_assets.rb:13:in `call'
actionpack (7.0.4.2) lib/action_dispatch/middleware/remote_ip.rb:93:in `call'
actionpack (7.0.4.2) lib/action_dispatch/middleware/request_id.rb:26:in `call'
rack (2.2.6.2) lib/rack/method_override.rb:24:in `call'
rack (2.2.6.2) lib/rack/runtime.rb:22:in `call'
activesupport (7.0.4.2) lib/active_support/cache/strategy/local_cache_middleware.rb:29:in `call'
actionpack (7.0.4.2) lib/action_dispatch/middleware/server_timing.rb:61:in `block in call'
actionpack (7.0.4.2) lib/action_dispatch/middleware/server_timing.rb:26:in `collect_events'
actionpack (7.0.4.2) lib/action_dispatch/middleware/server_timing.rb:60:in `call'
actionpack (7.0.4.2) lib/action_dispatch/middleware/executor.rb:14:in `call'
actionpack (7.0.4.2) lib/action_dispatch/middleware/static.rb:23:in `call'
rack (2.2.6.2) lib/rack/sendfile.rb:110:in `call'
actionpack (7.0.4.2) lib/action_dispatch/middleware/host_authorization.rb:137:in `call'
railties (7.0.4.2) lib/rails/engine.rb:530:in `call'
puma (5.6.5) lib/puma/configuration.rb:252:in `call'
puma (5.6.5) lib/puma/request.rb:77:in `block in handle_request'
puma (5.6.5) lib/puma/thread_pool.rb:340:in `with_force_shutdown'
puma (5.6.5) lib/puma/request.rb:76:in `handle_request'
puma (5.6.5) lib/puma/server.rb:443:in `process_client'
puma (5.6.5) lib/puma/thread_pool.rb:147:in `block in spawn_thread'
Started GET "/users/new" for ::1 at 2023-02-24 13:57:59 -0500
Processing by UsersController#new as HTML
  Rendering layout layouts/application.html.erb
  Rendering users/new.html.erb within layouts/application
  Rendered users/new.html.erb within layouts/application (Duration: 1.4ms | Allocations: 800)
  Rendered layout layouts/application.html.erb (Duration: 5.6ms | Allocations: 2096)
Completed 200 OK in 9ms (Views: 8.1ms | ActiveRecord: 0.0ms | Allocations: 2841)


Started POST "/users" for ::1 at 2023-02-24 13:58:05 -0500
Processing by UsersController#create as HTML
  Parameters: {"authenticity_token"=>"[FILTERED]", "user"=>{"username"=>"kaiter", "password"=>"[FILTERED]"}}
  [1m[36mTRANSACTION (0.2ms)[0m  [1m[35mBEGIN[0m
  ↳ app/controllers/users_controller.rb:21:in `create'
  [1m[36mUser Exists? (0.9ms)[0m  [1m[34mSELECT 1 AS one FROM "users" WHERE "users"."username" = $1 LIMIT $2[0m  [["username", "kaiter"], ["LIMIT", 1]]
  ↳ app/controllers/users_controller.rb:21:in `create'
  [1m[36mUser Exists? (0.5ms)[0m  [1m[34mSELECT 1 AS one FROM "users" WHERE "users"."session_token" IS NULL LIMIT $1[0m  [["LIMIT", 1]]
  ↳ app/controllers/users_controller.rb:21:in `create'
  [1m[36mTRANSACTION (0.2ms)[0m  [1m[31mROLLBACK[0m
  ↳ app/controllers/users_controller.rb:21:in `create'
  Rendering layout layouts/application.html.erb
  Rendering users/new.html.erb within layouts/application
  Rendered users/new.html.erb within layouts/application (Duration: 0.4ms | Allocations: 75)
  Rendered layout layouts/application.html.erb (Duration: 2.7ms | Allocations: 1138)
Completed 200 OK in 329ms (Views: 3.3ms | ActiveRecord: 1.8ms | Allocations: 8568)


Started GET "/users/all" for ::1 at 2023-02-24 13:58:18 -0500
Processing by UsersController#show as HTML
  Parameters: {"id"=>"all"}
  [1m[36mUser Load (0.4ms)[0m  [1m[34mSELECT "users".* FROM "users" WHERE "users"."id" = $1 LIMIT $2[0m  [["id", nil], ["LIMIT", 1]]
  ↳ app/controllers/users_controller.rb:10:in `show'
Completed 404 Not Found in 5ms (ActiveRecord: 0.7ms | Allocations: 959)


  
ActiveRecord::RecordNotFound (Couldn't find User with 'id'=all):
  
app/controllers/users_controller.rb:10:in `show'
Started GET "/users" for ::1 at 2023-02-24 13:58:22 -0500
Processing by UsersController#index as HTML
  Rendering layout layouts/application.html.erb
  Rendering users/index.html.erb within layouts/application
  [1m[36mUser Load (0.6ms)[0m  [1m[34mSELECT "users".* FROM "users"[0m
  ↳ app/views/users/index.html.erb:4
  Rendered users/index.html.erb within layouts/application (Duration: 3.5ms | Allocations: 765)
  Rendered layout layouts/application.html.erb (Duration: 8.1ms | Allocations: 2214)
Completed 200 OK in 10ms (Views: 8.8ms | ActiveRecord: 0.6ms | Allocations: 2498)


Started GET "/users/new" for ::1 at 2023-02-24 13:59:09 -0500
Processing by UsersController#new as HTML
  Rendering layout layouts/application.html.erb
  Rendering users/new.html.erb within layouts/application
  Rendered users/new.html.erb within layouts/application (Duration: 1.6ms | Allocations: 659)
  Rendered layout layouts/application.html.erb (Duration: 6.5ms | Allocations: 1840)
Completed 200 OK in 25ms (Views: 8.4ms | ActiveRecord: 6.9ms | Allocations: 5110)


Started POST "/users" for ::1 at 2023-02-24 13:59:15 -0500
Processing by UsersController#create as HTML
  Parameters: {"authenticity_token"=>"[FILTERED]", "user"=>{"username"=>"kaiter", "password"=>"[FILTERED]"}}
  [1m[36mTRANSACTION (0.1ms)[0m  [1m[35mBEGIN[0m
  ↳ app/controllers/users_controller.rb:21:in `create'
  [1m[36mUser Exists? (0.7ms)[0m  [1m[34mSELECT 1 AS one FROM "users" WHERE "users"."username" = $1 LIMIT $2[0m  [["username", "kaiter"], ["LIMIT", 1]]
  ↳ app/controllers/users_controller.rb:21:in `create'
  [1m[36mUser Exists? (0.3ms)[0m  [1m[34mSELECT 1 AS one FROM "users" WHERE "users"."session_token" IS NULL LIMIT $1[0m  [["LIMIT", 1]]
  ↳ app/controllers/users_controller.rb:21:in `create'
  [1m[36mTRANSACTION (0.2ms)[0m  [1m[31mROLLBACK[0m
  ↳ app/controllers/users_controller.rb:21:in `create'
Completed 422 Unprocessable Entity in 308ms (ActiveRecord: 1.3ms | Allocations: 4297)


  
ActiveRecord::RecordInvalid (Validation failed: Session token can't be blank):
  
app/controllers/users_controller.rb:21:in `create'
Started GET "/users/new" for ::1 at 2023-02-24 14:00:29 -0500
Processing by UsersController#new as HTML
  Rendering layout layouts/application.html.erb
  Rendering users/new.html.erb within layouts/application
  Rendered users/new.html.erb within layouts/application (Duration: 1.0ms | Allocations: 650)
  Rendered layout layouts/application.html.erb (Duration: 3.9ms | Allocations: 1804)
Completed 200 OK in 17ms (Views: 5.2ms | ActiveRecord: 3.1ms | Allocations: 5060)


Started POST "/users" for ::1 at 2023-02-24 14:00:43 -0500
Processing by UsersController#create as HTML
  Parameters: {"authenticity_token"=>"[FILTERED]", "user"=>{"username"=>"kaiter", "password"=>"[FILTERED]"}}
  [1m[36mTRANSACTION (0.2ms)[0m  [1m[35mBEGIN[0m
  ↳ app/controllers/users_controller.rb:21:in `create'
  [1m[36mUser Exists? (0.4ms)[0m  [1m[34mSELECT 1 AS one FROM "users" WHERE "users"."username" = $1 LIMIT $2[0m  [["username", "kaiter"], ["LIMIT", 1]]
  ↳ app/controllers/users_controller.rb:21:in `create'
  [1m[36mUser Exists? (0.3ms)[0m  [1m[34mSELECT 1 AS one FROM "users" WHERE "users"."session_token" IS NULL LIMIT $1[0m  [["LIMIT", 1]]
  ↳ app/controllers/users_controller.rb:21:in `create'
  [1m[36mTRANSACTION (0.2ms)[0m  [1m[31mROLLBACK[0m
  ↳ app/controllers/users_controller.rb:21:in `create'
Completed 422 Unprocessable Entity in 311ms (ActiveRecord: 1.0ms | Allocations: 4274)


  
ActiveRecord::RecordInvalid (Validation failed: Session token can't be blank):
  
app/controllers/users_controller.rb:21:in `create'
Started GET "/users/new" for ::1 at 2023-02-24 14:04:41 -0500
Processing by UsersController#new as HTML
  Rendering layout layouts/application.html.erb
  Rendering users/new.html.erb within layouts/application
  Rendered users/new.html.erb within layouts/application (Duration: 2.1ms | Allocations: 647)
  Rendered layout layouts/application.html.erb (Duration: 5.8ms | Allocations: 1801)
Completed 200 OK in 19ms (Views: 7.6ms | ActiveRecord: 3.7ms | Allocations: 5078)


Started POST "/users" for ::1 at 2023-02-24 14:04:46 -0500
Processing by UsersController#create as HTML
  Parameters: {"authenticity_token"=>"[FILTERED]", "user"=>{"username"=>"kaiter", "password"=>"[FILTERED]"}}
  [1m[36mTRANSACTION (0.1ms)[0m  [1m[35mBEGIN[0m
  ↳ app/models/user.rb:23:in `generate_session_token'
  [1m[36mUser Exists? (0.4ms)[0m  [1m[34mSELECT 1 AS one FROM "users" WHERE "users"."session_token" = $1 LIMIT $2[0m  [["session_token", "[FILTERED]"], ["LIMIT", 1]]
  ↳ app/models/user.rb:23:in `generate_session_token'
  [1m[36mUser Exists? (0.4ms)[0m  [1m[34mSELECT 1 AS one FROM "users" WHERE "users"."username" = $1 LIMIT $2[0m  [["username", "kaiter"], ["LIMIT", 1]]
  ↳ app/controllers/users_controller.rb:21:in `create'
  [1m[36mCACHE User Exists? (0.0ms)[0m  [1m[34mSELECT 1 AS one FROM "users" WHERE "users"."session_token" = $1 LIMIT $2[0m  [["session_token", "[FILTERED]"], ["LIMIT", 1]]
  ↳ app/controllers/users_controller.rb:21:in `create'
  [1m[36mUser Create (0.6ms)[0m  [1m[32mINSERT INTO "users" ("username", "session_token", "password_digest", "created_at", "updated_at") VALUES ($1, $2, $3, $4, $5) RETURNING "id"[0m  [["username", "kaiter"], ["session_token", "[FILTERED]"], ["password_digest", "[FILTERED]"], ["created_at", "2023-02-24 19:04:46.380374"], ["updated_at", "2023-02-24 19:04:46.380374"]]
  ↳ app/controllers/users_controller.rb:21:in `create'
  [1m[36mTRANSACTION (3.9ms)[0m  [1m[35mCOMMIT[0m
  ↳ app/controllers/users_controller.rb:21:in `create'
  [1m[36mUser Exists? (0.4ms)[0m  [1m[34mSELECT 1 AS one FROM "users" WHERE "users"."session_token" = $1 LIMIT $2[0m  [["session_token", "[FILTERED]"], ["LIMIT", 1]]
  ↳ app/models/user.rb:23:in `generate_session_token'
  [1m[36mTRANSACTION (0.2ms)[0m  [1m[35mBEGIN[0m
  ↳ app/models/user.rb:40:in `reset_session_token!'
  [1m[36mUser Exists? (0.5ms)[0m  [1m[34mSELECT 1 AS one FROM "users" WHERE "users"."username" = $1 AND "users"."id" != $2 LIMIT $3[0m  [["username", "kaiter"], ["id", 2], ["LIMIT", 1]]
  ↳ app/models/user.rb:40:in `reset_session_token!'
  [1m[36mUser Exists? (0.5ms)[0m  [1m[34mSELECT 1 AS one FROM "users" WHERE "users"."session_token" = $1 AND "users"."id" != $2 LIMIT $3[0m  [["session_token", "[FILTERED]"], ["id", 2], ["LIMIT", 1]]
  ↳ app/models/user.rb:40:in `reset_session_token!'
  [1m[36mUser Update (0.8ms)[0m  [1m[33mUPDATE "users" SET "session_token" = $1, "updated_at" = $2 WHERE "users"."id" = $3[0m  [["session_token", "[FILTERED]"], ["updated_at", "2023-02-24 19:04:46.397884"], ["id", 2]]
  ↳ app/models/user.rb:40:in `reset_session_token!'
  [1m[36mTRANSACTION (0.4ms)[0m  [1m[35mCOMMIT[0m
  ↳ app/models/user.rb:40:in `reset_session_token!'
Redirected to http://localhost:3000/users.2
Completed 302 Found in 328ms (ActiveRecord: 8.1ms | Allocations: 9484)


Started GET "/users.2" for ::1 at 2023-02-24 14:04:46 -0500
Processing by UsersController#index as */*
  Rendering layout layouts/application.html.erb
  Rendering users/index.html.erb within layouts/application
  [1m[36mUser Load (0.3ms)[0m  [1m[34mSELECT "users".* FROM "users"[0m
  ↳ app/views/users/index.html.erb:4
  Rendered users/index.html.erb within layouts/application (Duration: 3.4ms | Allocations: 623)
  Rendered layout layouts/application.html.erb (Duration: 6.3ms | Allocations: 2044)
Completed 200 OK in 8ms (Views: 6.9ms | ActiveRecord: 0.3ms | Allocations: 2283)


Started GET "/users.1/edit" for ::1 at 2023-02-24 14:08:50 -0500
  
ActionController::RoutingError (No route matches [GET] "/users.1/edit"):
  
Started GET "/users/1/edit" for ::1 at 2023-02-24 14:08:55 -0500
Processing by UsersController#edit as HTML
  Parameters: {"id"=>"1"}
  [1m[36mUser Load (0.5ms)[0m  [1m[34mSELECT "users".* FROM "users" WHERE "users"."id" = $1 LIMIT $2[0m  [["id", 1], ["LIMIT", 1]]
  ↳ app/controllers/users_controller.rb:31:in `edit'
  Rendering layout layouts/application.html.erb
  Rendering users/edit.html.erb within layouts/application
  Rendered users/edit.html.erb within layouts/application (Duration: 2.8ms | Allocations: 784)
  Rendered layout layouts/application.html.erb (Duration: 7.3ms | Allocations: 2068)
Completed 200 OK in 14ms (Views: 9.8ms | ActiveRecord: 0.5ms | Allocations: 3475)


Started PATCH "/users/1" for ::1 at 2023-02-24 14:09:06 -0500
Processing by UsersController#update as HTML
  Parameters: {"authenticity_token"=>"[FILTERED]", "user"=>{"username"=>"Yong Lin"}, "id"=>"1"}
  [1m[36mUser Load (0.4ms)[0m  [1m[34mSELECT "users".* FROM "users" WHERE "users"."id" = $1 LIMIT $2[0m  [["id", 1], ["LIMIT", 1]]
  ↳ app/controllers/users_controller.rb:36:in `update'
  [1m[36mTRANSACTION (0.2ms)[0m  [1m[35mBEGIN[0m
  ↳ app/controllers/users_controller.rb:37:in `update'
  [1m[36mUser Exists? (0.4ms)[0m  [1m[34mSELECT 1 AS one FROM "users" WHERE "users"."username" = $1 AND "users"."id" != $2 LIMIT $3[0m  [["username", "Yong Lin"], ["id", 1], ["LIMIT", 1]]
  ↳ app/controllers/users_controller.rb:37:in `update'
  [1m[36mUser Exists? (0.3ms)[0m  [1m[34mSELECT 1 AS one FROM "users" WHERE "users"."session_token" = $1 AND "users"."id" != $2 LIMIT $3[0m  [["session_token", "[FILTERED]"], ["id", 1], ["LIMIT", 1]]
  ↳ app/controllers/users_controller.rb:37:in `update'
  [1m[36mUser Update (0.9ms)[0m  [1m[33mUPDATE "users" SET "username" = $1, "updated_at" = $2 WHERE "users"."id" = $3[0m  [["username", "Yong Lin"], ["updated_at", "2023-02-24 19:09:06.421056"], ["id", 1]]
  ↳ app/controllers/users_controller.rb:37:in `update'
  [1m[36mTRANSACTION (0.5ms)[0m  [1m[35mCOMMIT[0m
  ↳ app/controllers/users_controller.rb:37:in `update'
Redirected to http://localhost:3000/users.1
Completed 302 Found in 19ms (ActiveRecord: 2.8ms | Allocations: 4898)


Started GET "/users.1" for ::1 at 2023-02-24 14:09:06 -0500
Processing by UsersController#index as */*
  Rendering layout layouts/application.html.erb
  Rendering users/index.html.erb within layouts/application
  [1m[36mUser Load (0.4ms)[0m  [1m[34mSELECT "users".* FROM "users"[0m
  ↳ app/views/users/index.html.erb:4
  Rendered users/index.html.erb within layouts/application (Duration: 3.8ms | Allocations: 718)
  Rendered layout layouts/application.html.erb (Duration: 7.6ms | Allocations: 2160)
Completed 200 OK in 9ms (Views: 8.3ms | ActiveRecord: 0.4ms | Allocations: 2450)


Started GET "/users" for ::1 at 2023-02-24 14:09:29 -0500
Processing by UsersController#index as HTML
  Rendering layout layouts/application.html.erb
  Rendering users/index.html.erb within layouts/application
  [1m[36mUser Load (0.5ms)[0m  [1m[34mSELECT "users".* FROM "users"[0m
  ↳ app/views/users/index.html.erb:4
  Rendered users/index.html.erb within layouts/application (Duration: 2.7ms | Allocations: 581)
  Rendered layout layouts/application.html.erb (Duration: 5.9ms | Allocations: 2011)
Completed 200 OK in 7ms (Views: 6.0ms | ActiveRecord: 0.5ms | Allocations: 2227)


Started GET "/users/1" for ::1 at 2023-02-24 14:09:34 -0500
Processing by UsersController#show as HTML
  Parameters: {"id"=>"1"}
  [1m[36mUser Load (0.3ms)[0m  [1m[34mSELECT "users".* FROM "users" WHERE "users"."id" = $1 LIMIT $2[0m  [["id", 1], ["LIMIT", 1]]
  ↳ app/controllers/users_controller.rb:10:in `show'
  Rendering layout layouts/application.html.erb
  Rendering users/show.html.erb within layouts/application
  Rendered users/show.html.erb within layouts/application (Duration: 0.8ms | Allocations: 92)
  Rendered layout layouts/application.html.erb (Duration: 4.0ms | Allocations: 1520)
Completed 200 OK in 8ms (Views: 5.3ms | ActiveRecord: 0.3ms | Allocations: 2267)


Started GET "/users.1" for ::1 at 2023-02-24 14:09:41 -0500
Processing by UsersController#index as */*
  Rendering layout layouts/application.html.erb
  Rendering users/index.html.erb within layouts/application
  [1m[36mUser Load (0.3ms)[0m  [1m[34mSELECT "users".* FROM "users"[0m
  ↳ app/views/users/index.html.erb:4
  Rendered users/index.html.erb within layouts/application (Duration: 2.4ms | Allocations: 581)
  Rendered layout layouts/application.html.erb (Duration: 5.6ms | Allocations: 2011)
Completed 200 OK in 7ms (Views: 6.0ms | ActiveRecord: 0.3ms | Allocations: 2229)


Started GET "/users.2" for ::1 at 2023-02-24 14:09:48 -0500
Processing by UsersController#index as */*
  Rendering layout layouts/application.html.erb
  Rendering users/index.html.erb within layouts/application
  [1m[36mUser Load (0.7ms)[0m  [1m[34mSELECT "users".* FROM "users"[0m
  ↳ app/views/users/index.html.erb:4
  Rendered users/index.html.erb within layouts/application (Duration: 2.7ms | Allocations: 581)
  Rendered layout layouts/application.html.erb (Duration: 5.9ms | Allocations: 2014)
Completed 200 OK in 7ms (Views: 5.9ms | ActiveRecord: 0.7ms | Allocations: 2232)


Started GET "/users.2" for ::1 at 2023-02-24 14:09:53 -0500
Processing by UsersController#index as */*
  Rendering layout layouts/application.html.erb
  Rendering users/index.html.erb within layouts/application
  [1m[36mUser Load (0.3ms)[0m  [1m[34mSELECT "users".* FROM "users"[0m
  ↳ app/views/users/index.html.erb:4
  Rendered users/index.html.erb within layouts/application (Duration: 1.9ms | Allocations: 581)
  Rendered layout layouts/application.html.erb (Duration: 5.5ms | Allocations: 2008)
Completed 200 OK in 7ms (Views: 6.1ms | ActiveRecord: 0.3ms | Allocations: 2226)


